2024-10-26 19:14:14,600 - INFO - Logging initialized and set up successfully.
2024-10-26 19:14:14,604 - INFO - Viewing the log: (0, 3)
2024-10-26 19:14:14,866 - INFO - Base directory initialized: /home/tron/git/project_gemma
2024-10-26 19:14:14,871 - INFO - JDBC directory initialized: /home/tron/git/project_gemma/jdbc
2024-10-26 19:14:14,875 - INFO - Output path initialized: /home/tron/git/project_gemma/jdbc/output.parquet
2024-10-26 19:14:36,121 - INFO - Successfully pushed app_log data to the database.
2024-10-26 19:15:02,582 - INFO - Successfully pushed app_log data to the database.
2024-10-26 19:15:14,782 - INFO - Successfully pushed app_log data to the database.
2024-10-26 19:16:14,951 - INFO - Successfully pushed app_log data to the database.
2024-10-26 19:17:15,100 - INFO - Successfully pushed app_log data to the database.
2024-10-26 19:18:15,232 - INFO - Successfully pushed app_log data to the database.
2024-10-26 19:19:15,348 - INFO - Successfully pushed app_log data to the database.
2024-10-26 19:20:15,523 - INFO - Successfully pushed app_log data to the database.
2024-10-26 19:21:15,671 - INFO - Successfully pushed app_log data to the database.
2024-10-26 19:22:15,773 - INFO - Successfully pushed app_log data to the database.
2024-10-26 19:23:15,936 - INFO - Successfully pushed app_log data to the database.
2024-10-26 19:24:16,053 - INFO - Successfully pushed app_log data to the database.
2024-10-26 19:25:16,168 - INFO - Successfully pushed app_log data to the database.
2024-10-26 19:26:16,250 - INFO - Successfully pushed app_log data to the database.
2024-10-26 19:27:16,372 - INFO - Successfully pushed app_log data to the database.
2024-10-26 19:28:16,506 - INFO - Successfully pushed app_log data to the database.
2024-10-26 19:29:16,663 - INFO - Successfully pushed app_log data to the database.
2024-10-26 19:30:16,823 - INFO - Successfully pushed app_log data to the database.
2024-10-26 19:31:16,925 - INFO - Successfully pushed app_log data to the database.
2024-10-26 19:32:17,019 - INFO - Successfully pushed app_log data to the database.
2024-10-26 19:33:17,122 - INFO - Successfully pushed app_log data to the database.
2024-10-26 19:34:17,261 - INFO - Successfully pushed app_log data to the database.
2024-10-26 19:35:17,402 - INFO - Successfully pushed app_log data to the database.
2024-10-26 19:36:17,545 - INFO - Successfully pushed app_log data to the database.
2024-10-26 19:37:17,649 - INFO - Successfully pushed app_log data to the database.
2024-10-26 19:38:17,772 - INFO - Successfully pushed app_log data to the database.
2024-10-26 19:39:17,936 - INFO - Successfully pushed app_log data to the database.
2024-10-26 19:40:18,095 - INFO - Successfully pushed app_log data to the database.
2024-10-26 19:40:57,758 - INFO - Logging initialized and set up successfully.
2024-10-26 19:40:57,762 - INFO - Viewing the log: (0, 3)
2024-10-26 19:41:18,249 - INFO - Successfully pushed app_log data to the database.
2024-10-26 19:41:57,901 - INFO - Successfully pushed app_log data to the database.
2024-10-26 19:42:58,036 - INFO - Successfully pushed app_log data to the database.
2024-10-26 19:43:58,178 - INFO - Successfully pushed app_log data to the database.
2024-10-26 19:44:58,345 - INFO - Successfully pushed app_log data to the database.
2024-10-26 19:45:58,477 - INFO - Successfully pushed app_log data to the database.
2024-10-26 19:46:58,638 - INFO - Successfully pushed app_log data to the database.
2024-10-26 19:47:58,735 - INFO - Successfully pushed app_log data to the database.
2024-10-26 19:48:58,879 - INFO - Successfully pushed app_log data to the database.
2024-10-26 19:49:59,039 - INFO - Successfully pushed app_log data to the database.
2024-10-26 19:50:59,191 - INFO - Successfully pushed app_log data to the database.
2024-10-26 19:51:59,332 - INFO - Successfully pushed app_log data to the database.
2024-10-26 19:52:35,794 - INFO - Logging initialized and set up successfully.
2024-10-26 19:52:35,797 - INFO - Viewing the log: (0, 3)
2024-10-26 19:52:40,888 - INFO - Successfully pushed app_log data to the database.
2024-10-26 19:52:43,520 - INFO - Base directory initialized: /home/tron/git/project_gemma
2024-10-26 19:52:43,524 - INFO - JDBC directory initialized: /home/tron/git/project_gemma/jdbc
2024-10-26 19:52:43,530 - INFO - Output path initialized: /home/tron/git/project_gemma/jdbc/output.parquet
2024-10-26 19:52:46,018 - INFO - Successfully pushed app_log data to the database.
2024-10-26 19:52:51,135 - INFO - Successfully pushed app_log data to the database.
2024-10-26 19:52:56,357 - INFO - Successfully pushed app_log data to the database.
2024-10-26 19:52:59,495 - INFO - Successfully pushed app_log data to the database.
2024-10-26 19:53:01,518 - INFO - Successfully pushed app_log data to the database.
2024-10-26 19:53:06,639 - INFO - Successfully pushed app_log data to the database.
2024-10-26 19:53:11,738 - INFO - Successfully pushed app_log data to the database.
2024-10-26 19:53:16,826 - INFO - Successfully pushed app_log data to the database.
2024-10-26 19:53:21,918 - INFO - Successfully pushed app_log data to the database.
2024-10-26 19:53:27,014 - INFO - Successfully pushed app_log data to the database.
2024-10-26 19:53:32,120 - INFO - Successfully pushed app_log data to the database.
2024-10-26 19:53:37,235 - INFO - Successfully pushed app_log data to the database.
2024-10-26 19:53:42,511 - INFO - Successfully pushed app_log data to the database.
2024-10-26 19:53:47,597 - INFO - Successfully pushed app_log data to the database.
2024-10-26 19:53:52,690 - INFO - Successfully pushed app_log data to the database.
2024-10-26 19:53:57,794 - INFO - Successfully pushed app_log data to the database.
2024-10-26 19:54:02,896 - INFO - Successfully pushed app_log data to the database.
2024-10-26 19:54:07,982 - INFO - Successfully pushed app_log data to the database.
2024-10-26 19:54:13,107 - INFO - Successfully pushed app_log data to the database.
2024-10-26 19:54:18,207 - INFO - Successfully pushed app_log data to the database.
2024-10-26 19:54:18,600 - INFO - Logging initialized and set up successfully.
2024-10-26 19:54:18,603 - INFO - Viewing the log: (0, 3)
2024-10-26 19:54:23,321 - INFO - Successfully pushed app_log data to the database.
2024-10-26 19:54:23,701 - INFO - Successfully pushed app_log data to the database.
2024-10-26 19:54:28,826 - INFO - Successfully pushed app_log data to the database.
2024-10-26 19:54:33,950 - INFO - Successfully pushed app_log data to the database.
2024-10-26 19:54:39,061 - INFO - Successfully pushed app_log data to the database.
2024-10-26 19:54:44,175 - INFO - Successfully pushed app_log data to the database.
2024-10-26 19:54:49,286 - INFO - Successfully pushed app_log data to the database.
2024-10-26 19:54:54,386 - INFO - Successfully pushed app_log data to the database.
2024-10-26 19:54:59,490 - INFO - Successfully pushed app_log data to the database.
2024-10-26 19:55:04,573 - INFO - Successfully pushed app_log data to the database.
2024-10-26 19:55:09,675 - INFO - Successfully pushed app_log data to the database.
2024-10-26 19:55:14,819 - INFO - Successfully pushed app_log data to the database.
2024-10-26 19:55:19,945 - INFO - Successfully pushed app_log data to the database.
2024-10-26 19:55:25,054 - INFO - Successfully pushed app_log data to the database.
2024-10-26 19:55:30,122 - INFO - Successfully pushed app_log data to the database.
2024-10-26 19:55:35,213 - INFO - Successfully pushed app_log data to the database.
2024-10-26 19:55:40,322 - INFO - Successfully pushed app_log data to the database.
2024-10-26 19:55:45,415 - INFO - Successfully pushed app_log data to the database.
2024-10-26 19:55:50,514 - INFO - Successfully pushed app_log data to the database.
2024-10-26 19:55:51,698 - INFO - Logging initialized and set up successfully.
2024-10-26 19:55:51,703 - INFO - Log size: (0, 3)
2024-10-26 19:55:51,707 - INFO - Viewing the log: <function display_log_df at 0x744493d7aef0>
2024-10-26 19:55:55,622 - ERROR - Error pushing data to PostgreSQL: (psycopg2.errors.UndefinedColumn) column "timestamp" of relation "website_log" does not exist
LINE 1: INSERT INTO website_log (timestamp, level, message) VALUES (...
                                 ^

[SQL: INSERT INTO website_log (timestamp, level, message) VALUES (%(timestamp)s, %(level)s, %(message)s)]
[parameters: {'timestamp': datetime.datetime(2024, 10, 26, 19, 55, 50, 516603), 'level': 'INFO', 'message': 'Successfully pushed app_log data to the database.'}]
(Background on this error at: https://sqlalche.me/e/20/f405)
2024-10-26 19:56:01,821 - ERROR - Error pushing data to PostgreSQL: (psycopg2.errors.UndefinedColumn) column "timestamp" of relation "website_log" does not exist
LINE 1: INSERT INTO website_log (timestamp, level, message) VALUES (...
                                 ^

[SQL: INSERT INTO website_log (timestamp, level, message) VALUES (%(timestamp__0)s, %(level__0)s, %(message__0)s), (%(timestamp__1)s, %(level__1)s, %(message__1)s), (%(timestamp__2)s, %(level__2)s, %(message__2)s), (%(timestamp__3)s, %(level__3)s, %(message__3)s)]
[parameters: {'level__0': 'INFO', 'message__0': 'Logging initialized and set up successfully.', 'timestamp__0': datetime.datetime(2024, 10, 26, 19, 55, 51, 702652), 'level__1': 'INFO', 'message__1': 'Log size: (0, 3)', 'timestamp__1': datetime.datetime(2024, 10, 26, 19, 55, 51, 706554), 'level__2': 'INFO', 'message__2': 'Viewing the log: <function display_log_df at 0x744493d7aef0>', 'timestamp__2': datetime.datetime(2024, 10, 26, 19, 55, 51, 709986), 'level__3': 'ERROR', 'message__3': 'Error pushing data to PostgreSQL: (psycopg2.errors.UndefinedColumn) column "timestamp" of relation "website_log" does not exist\nLINE 1: INSERT INTO  ... (282 characters truncated) ... level\': \'INFO\', \'message\': \'Successfully pushed app_log data to the database.\'}]\n(Background on this error at: https://sqlalche.me/e/20/f405)', 'timestamp__3': datetime.datetime(2024, 10, 26, 19, 55, 55, 624907)}]
(Background on this error at: https://sqlalche.me/e/20/f405)
2024-10-26 19:56:11,912 - ERROR - Error pushing data to PostgreSQL: (psycopg2.errors.UndefinedColumn) column "timestamp" of relation "website_log" does not exist
LINE 1: INSERT INTO website_log (timestamp, level, message) VALUES (...
                                 ^

[SQL: INSERT INTO website_log (timestamp, level, message) VALUES (%(timestamp)s, %(level)s, %(message)s)]
[parameters: {'timestamp': datetime.datetime(2024, 10, 26, 19, 56, 1, 825038), 'level': 'ERROR', 'message': 'Error pushing data to PostgreSQL: (psycopg2.errors.UndefinedColumn) column "timestamp" of relation "website_log" does not exist\nLINE 1: INSERT INTO  ... (1223 characters truncated) ... e/e/20/f405)\', \'timestamp__3\': datetime.datetime(2024, 10, 26, 19, 55, 55, 624907)}]\n(Background on this error at: https://sqlalche.me/e/20/f405)'}]
(Background on this error at: https://sqlalche.me/e/20/f405)
2024-10-26 19:56:12,357 - INFO - Logging initialized and set up successfully.
2024-10-26 19:56:12,360 - INFO - Log size: (0, 3)
2024-10-26 19:56:12,364 - INFO - Viewing the log: <function display_log_df at 0x74449f5713f0>
2024-10-26 19:56:18,185 - INFO - Logging initialized and set up successfully.
2024-10-26 19:56:18,188 - INFO - Log size: (0, 3)
2024-10-26 19:56:18,193 - INFO - Viewing the log: <function display_log_df at 0x74449cc3b640>
2024-10-26 19:56:22,012 - ERROR - Error pushing data to PostgreSQL: (psycopg2.errors.UndefinedColumn) column "timestamp" of relation "website_log" does not exist
LINE 1: INSERT INTO website_log (timestamp, level, message) VALUES (...
                                 ^

[SQL: INSERT INTO website_log (timestamp, level, message) VALUES (%(timestamp)s, %(level)s, %(message)s)]
[parameters: {'timestamp': datetime.datetime(2024, 10, 26, 19, 56, 11, 915390), 'level': 'ERROR', 'message': 'Error pushing data to PostgreSQL: (psycopg2.errors.UndefinedColumn) column "timestamp" of relation "website_log" does not exist\nLINE 1: INSERT INTO  ... (576 characters truncated) ... 9, 55, 55, 624907)}]\\n(Background on this error at: https://sqlalche.me/e/20/f405)\'}]\n(Background on this error at: https://sqlalche.me/e/20/f405)'}]
(Background on this error at: https://sqlalche.me/e/20/f405)
2024-10-26 19:56:22,457 - ERROR - Error pushing data to PostgreSQL: (psycopg2.errors.UndefinedColumn) column "timestamp" of relation "website_log" does not exist
LINE 1: INSERT INTO website_log (timestamp, level, message) VALUES (...
                                 ^

[SQL: INSERT INTO website_log (timestamp, level, message) VALUES (%(timestamp__0)s, %(level__0)s, %(message__0)s), (%(timestamp__1)s, %(level__1)s, %(message__1)s), (%(timestamp__2)s, %(level__2)s, %(message__2)s)]
[parameters: {'level__0': 'INFO', 'message__0': 'Logging initialized and set up successfully.', 'timestamp__0': datetime.datetime(2024, 10, 26, 19, 56, 12, 360301), 'level__1': 'INFO', 'message__1': 'Log size: (0, 3)', 'timestamp__1': datetime.datetime(2024, 10, 26, 19, 56, 12, 363684), 'level__2': 'INFO', 'message__2': 'Viewing the log: <function display_log_df at 0x74449f5713f0>', 'timestamp__2': datetime.datetime(2024, 10, 26, 19, 56, 12, 370884)}]
(Background on this error at: https://sqlalche.me/e/20/f405)
2024-10-26 19:56:27,083 - INFO - Base directory initialized: /home/tron/git/project_gemma
2024-10-26 19:56:27,088 - INFO - JDBC directory initialized: /home/tron/git/project_gemma/jdbc
2024-10-26 19:56:27,092 - INFO - Output path initialized: /home/tron/git/project_gemma/jdbc/output.parquet
2024-10-26 19:56:28,338 - ERROR - Error pushing data to PostgreSQL: (psycopg2.errors.UndefinedColumn) column "timestamp" of relation "website_log" does not exist
LINE 1: INSERT INTO website_log (timestamp, level, message) VALUES (...
                                 ^

[SQL: INSERT INTO website_log (timestamp, level, message) VALUES (%(timestamp__0)s, %(level__0)s, %(message__0)s), (%(timestamp__1)s, %(level__1)s, %(message__1)s), (%(timestamp__2)s, %(level__2)s, %(message__2)s), (%(timestamp__3)s, %(level__3)s, %(message__3)s), (%(timestamp__4)s, %(level__4)s, %(message__4)s), (%(timestamp__5)s, %(level__5)s, %(message__5)s), (%(timestamp__6)s, %(level__6)s, %(message__6)s), (%(timestamp__7)s, %(level__7)s, %(message__7)s)]
[parameters: {'level__0': 'INFO', 'message__0': 'Logging initialized and set up successfully.', 'timestamp__0': datetime.datetime(2024, 10, 26, 19, 56, 18, 188113), 'level__1': 'INFO', 'message__1': 'Log size: (0, 3)', 'timestamp__1': datetime.datetime(2024, 10, 26, 19, 56, 18, 193133), 'level__2': 'INFO', 'message__2': 'Viewing the log: <function display_log_df at 0x74449cc3b640>', 'timestamp__2': datetime.datetime(2024, 10, 26, 19, 56, 18, 198016), 'level__3': 'ERROR', 'message__3': 'Error pushing data to PostgreSQL: (psycopg2.errors.UndefinedColumn) column "timestamp" of relation "website_log" does not exist\nLINE 1: INSERT INTO  ... (574 characters truncated) ... .me/e/20/f405)\\\'}]\\n(Background on this error at: https://sqlalche.me/e/20/f405)\'}]\n(Background on this error at: https://sqlalche.me/e/20/f405)', 'timestamp__3': datetime.datetime(2024, 10, 26, 19, 56, 22, 14276), 'level__4': 'ERROR', 'message__4': 'Error pushing data to PostgreSQL: (psycopg2.errors.UndefinedColumn) column "timestamp" of relation "website_log" does not exist\nLINE 1: INSERT INTO  ... (705 characters truncated) ... 4449f5713f0>\', \'timestamp__2\': datetime.datetime(2024, 10, 26, 19, 56, 12, 370884)}]\n(Background on this error at: https://sqlalche.me/e/20/f405)', 'timestamp__4': datetime.datetime(2024, 10, 26, 19, 56, 22, 460245), 'level__5': 'INFO', 'message__5': 'Base directory initialized: /home/tron/git/project_gemma', 'timestamp__5': datetime.datetime(2024, 10, 26, 19, 56, 27, 88418), 'level__6': 'INFO', 'message__6': 'JDBC directory initialized: /home/tron/git/project_gemma/jdbc', 'timestamp__6': datetime.datetime(2024, 10, 26, 19, 56, 27, 92340), 'level__7': 'INFO', 'message__7': 'Output path initialized: /home/tron/git/project_gemma/jdbc/output.parquet', 'timestamp__7': datetime.datetime(2024, 10, 26, 19, 56, 27, 100788)}]
(Background on this error at: https://sqlalche.me/e/20/f405)
2024-10-26 19:56:38,450 - ERROR - Error pushing data to PostgreSQL: (psycopg2.errors.UndefinedColumn) column "timestamp" of relation "website_log" does not exist
LINE 1: INSERT INTO website_log (timestamp, level, message) VALUES (...
                                 ^

[SQL: INSERT INTO website_log (timestamp, level, message) VALUES (%(timestamp)s, %(level)s, %(message)s)]
[parameters: {'timestamp': datetime.datetime(2024, 10, 26, 19, 56, 28, 342463), 'level': 'ERROR', 'message': 'Error pushing data to PostgreSQL: (psycopg2.errors.UndefinedColumn) column "timestamp" of relation "website_log" does not exist\nLINE 1: INSERT INTO  ... (2415 characters truncated) ... tput.parquet\', \'timestamp__7\': datetime.datetime(2024, 10, 26, 19, 56, 27, 100788)}]\n(Background on this error at: https://sqlalche.me/e/20/f405)'}]
(Background on this error at: https://sqlalche.me/e/20/f405)
2024-10-26 19:56:48,589 - ERROR - Error pushing data to PostgreSQL: (psycopg2.errors.UndefinedColumn) column "timestamp" of relation "website_log" does not exist
LINE 1: INSERT INTO website_log (timestamp, level, message) VALUES (...
                                 ^

[SQL: INSERT INTO website_log (timestamp, level, message) VALUES (%(timestamp)s, %(level)s, %(message)s)]
[parameters: {'timestamp': datetime.datetime(2024, 10, 26, 19, 56, 38, 453440), 'level': 'ERROR', 'message': 'Error pushing data to PostgreSQL: (psycopg2.errors.UndefinedColumn) column "timestamp" of relation "website_log" does not exist\nLINE 1: INSERT INTO  ... (577 characters truncated) ... 9, 56, 27, 100788)}]\\n(Background on this error at: https://sqlalche.me/e/20/f405)\'}]\n(Background on this error at: https://sqlalche.me/e/20/f405)'}]
(Background on this error at: https://sqlalche.me/e/20/f405)
2024-10-26 19:56:58,704 - ERROR - Error pushing data to PostgreSQL: (psycopg2.errors.UndefinedColumn) column "timestamp" of relation "website_log" does not exist
LINE 1: INSERT INTO website_log (timestamp, level, message) VALUES (...
                                 ^

[SQL: INSERT INTO website_log (timestamp, level, message) VALUES (%(timestamp)s, %(level)s, %(message)s)]
[parameters: {'timestamp': datetime.datetime(2024, 10, 26, 19, 56, 48, 592261), 'level': 'ERROR', 'message': 'Error pushing data to PostgreSQL: (psycopg2.errors.UndefinedColumn) column "timestamp" of relation "website_log" does not exist\nLINE 1: INSERT INTO  ... (574 characters truncated) ... .me/e/20/f405)\\\'}]\\n(Background on this error at: https://sqlalche.me/e/20/f405)\'}]\n(Background on this error at: https://sqlalche.me/e/20/f405)'}]
(Background on this error at: https://sqlalche.me/e/20/f405)
2024-10-26 19:57:08,817 - ERROR - Error pushing data to PostgreSQL: (psycopg2.errors.UndefinedColumn) column "timestamp" of relation "website_log" does not exist
LINE 1: INSERT INTO website_log (timestamp, level, message) VALUES (...
                                 ^

[SQL: INSERT INTO website_log (timestamp, level, message) VALUES (%(timestamp)s, %(level)s, %(message)s)]
[parameters: {'timestamp': datetime.datetime(2024, 10, 26, 19, 56, 58, 708161), 'level': 'ERROR', 'message': 'Error pushing data to PostgreSQL: (psycopg2.errors.UndefinedColumn) column "timestamp" of relation "website_log" does not exist\nLINE 1: INSERT INTO  ... (578 characters truncated) ... .me/e/20/f405)\\\'}]\\n(Background on this error at: https://sqlalche.me/e/20/f405)\'}]\n(Background on this error at: https://sqlalche.me/e/20/f405)'}]
(Background on this error at: https://sqlalche.me/e/20/f405)
2024-10-26 19:57:18,927 - ERROR - Error pushing data to PostgreSQL: (psycopg2.errors.UndefinedColumn) column "timestamp" of relation "website_log" does not exist
LINE 1: INSERT INTO website_log (timestamp, level, message) VALUES (...
                                 ^

[SQL: INSERT INTO website_log (timestamp, level, message) VALUES (%(timestamp)s, %(level)s, %(message)s)]
[parameters: {'timestamp': datetime.datetime(2024, 10, 26, 19, 57, 8, 820354), 'level': 'ERROR', 'message': 'Error pushing data to PostgreSQL: (psycopg2.errors.UndefinedColumn) column "timestamp" of relation "website_log" does not exist\nLINE 1: INSERT INTO  ... (578 characters truncated) ... .me/e/20/f405)\\\'}]\\n(Background on this error at: https://sqlalche.me/e/20/f405)\'}]\n(Background on this error at: https://sqlalche.me/e/20/f405)'}]
(Background on this error at: https://sqlalche.me/e/20/f405)
2024-10-26 19:57:28,469 - INFO - Logging initialized and set up successfully.
2024-10-26 19:57:28,472 - INFO - Log size: (0, 3)
2024-10-26 19:57:28,478 - INFO - Viewing the log: <function display_log_df at 0x74449f5cb880>
2024-10-26 19:57:29,064 - INFO - Successfully pushed log data to PostgreSQL.
2024-10-26 19:57:38,577 - INFO - Successfully pushed log data to PostgreSQL.
2024-10-26 19:57:48,698 - INFO - Successfully pushed log data to PostgreSQL.
2024-10-26 19:57:58,812 - INFO - Successfully pushed log data to PostgreSQL.
2024-10-26 19:58:08,924 - INFO - Successfully pushed log data to PostgreSQL.
2024-10-26 19:58:17,371 - INFO - Logging initialized and set up successfully.
2024-10-26 19:58:17,378 - INFO - Log size: (0, 3)
2024-10-26 19:58:17,383 - INFO - Viewing the log: <function display_log_df at 0x74449f5ca5f0>
2024-10-26 19:58:19,028 - INFO - Successfully pushed log data to PostgreSQL.
2024-10-26 19:58:19,587 - INFO - Base directory initialized: /home/tron/git/project_gemma
2024-10-26 19:58:19,592 - INFO - JDBC directory initialized: /home/tron/git/project_gemma/jdbc
2024-10-26 19:58:19,595 - INFO - Output path initialized: /home/tron/git/project_gemma/jdbc/output.parquet
2024-10-26 19:58:27,490 - INFO - Successfully pushed log data to PostgreSQL.
2024-10-26 19:58:37,589 - INFO - Successfully pushed log data to PostgreSQL.
2024-10-26 19:58:47,680 - INFO - Successfully pushed log data to PostgreSQL.
2024-10-26 19:58:57,778 - INFO - Successfully pushed log data to PostgreSQL.
2024-10-26 19:59:07,886 - INFO - Successfully pushed log data to PostgreSQL.
2024-10-26 19:59:17,980 - INFO - Successfully pushed log data to PostgreSQL.
2024-10-26 19:59:28,122 - INFO - Successfully pushed log data to PostgreSQL.
2024-10-26 19:59:38,231 - INFO - Successfully pushed log data to PostgreSQL.
2024-10-26 19:59:48,407 - INFO - Successfully pushed log data to PostgreSQL.
2024-10-26 19:59:58,515 - INFO - Successfully pushed log data to PostgreSQL.
2024-10-26 20:00:08,609 - INFO - Successfully pushed log data to PostgreSQL.
2024-10-26 20:00:18,707 - INFO - Successfully pushed log data to PostgreSQL.
2024-10-26 20:00:28,801 - INFO - Successfully pushed log data to PostgreSQL.
2024-10-26 20:00:38,893 - INFO - Successfully pushed log data to PostgreSQL.
2024-10-26 20:00:48,994 - INFO - Successfully pushed log data to PostgreSQL.
2024-10-26 20:00:59,100 - INFO - Successfully pushed log data to PostgreSQL.
2024-10-26 20:01:09,191 - INFO - Successfully pushed log data to PostgreSQL.
2024-10-26 20:01:19,295 - INFO - Successfully pushed log data to PostgreSQL.
2024-10-26 20:01:29,382 - INFO - Successfully pushed log data to PostgreSQL.
2024-10-26 20:01:39,477 - INFO - Successfully pushed log data to PostgreSQL.
2024-10-26 20:01:49,592 - INFO - Successfully pushed log data to PostgreSQL.
2024-10-26 20:01:59,695 - INFO - Successfully pushed log data to PostgreSQL.
2024-10-26 20:02:03,975 - INFO - Logging initialized and set up successfully.
2024-10-26 20:02:03,978 - INFO - Log size: (0, 3)
2024-10-26 20:02:03,984 - INFO - Viewing the log: <function display_log_df at 0x74449f5aed40>
2024-10-26 20:02:04,227 - INFO - Base directory initialized: /home/tron/git/project_gemma
2024-10-26 20:02:04,233 - INFO - JDBC directory initialized: /home/tron/git/project_gemma/jdbc
2024-10-26 20:02:04,239 - INFO - Output path initialized: /home/tron/git/project_gemma/jdbc/output.parquet
2024-10-26 20:02:09,795 - INFO - Successfully pushed log data to PostgreSQL.
2024-10-26 20:02:14,093 - INFO - Successfully pushed log data to PostgreSQL.
2024-10-26 20:02:24,202 - INFO - Successfully pushed log data to PostgreSQL.
2024-10-26 20:02:34,305 - INFO - Successfully pushed log data to PostgreSQL.
2024-10-26 20:02:44,445 - INFO - Successfully pushed log data to PostgreSQL.
2024-10-26 20:02:54,537 - INFO - Successfully pushed log data to PostgreSQL.
2024-10-26 20:02:58,122 - INFO - Logging initialized and set up successfully.
2024-10-26 20:02:58,126 - INFO - Log size: (0, 3)
2024-10-26 20:02:58,131 - INFO - Viewing the log: <function display_log_df at 0x74449e175480>
2024-10-26 20:03:00,323 - INFO - Base directory initialized: /home/tron/git/project_gemma
2024-10-26 20:03:00,328 - INFO - JDBC directory initialized: /home/tron/git/project_gemma/jdbc
2024-10-26 20:03:00,333 - INFO - Output path initialized: /home/tron/git/project_gemma/jdbc/output.parquet
2024-10-26 21:11:39,438 - INFO - Logging initialized and set up successfully.
2024-10-26 21:11:39,441 - INFO - Log size: (0, 3)
2024-10-26 21:11:39,444 - INFO - Viewing the log: <function display_log_df at 0x7da4d2393ac0>
2024-10-26 21:11:40,997 - INFO - Base directory initialized: /home/tron/git/project_gemma
2024-10-26 21:11:41,001 - INFO - JDBC directory initialized: /home/tron/git/project_gemma/jdbc
2024-10-26 21:11:41,007 - INFO - Output path initialized: /home/tron/git/project_gemma/jdbc/output.parquet
2024-10-26 21:26:29,148 - INFO - Logging initialized and set up successfully.
2024-10-26 21:26:29,151 - INFO - Log size: (0, 3)
2024-10-26 21:26:29,156 - INFO - Viewing the log: <function display_log_df at 0x7da4d159ea70>
2024-10-26 21:26:34,792 - INFO - Base directory initialized: /home/tron/git/project_gemma
2024-10-26 21:26:34,796 - INFO - JDBC directory initialized: /home/tron/git/project_gemma/jdbc
2024-10-26 21:26:34,800 - INFO - Output path initialized: /home/tron/git/project_gemma/jdbc/output.parquet
2024-10-26 21:27:56,955 - INFO - Logging initialized and set up successfully.
2024-10-26 21:27:56,958 - INFO - Log size: (0, 3)
2024-10-26 21:27:56,962 - INFO - Viewing the log: <function display_log_df at 0x7da4d159f130>
2024-10-26 21:27:58,898 - INFO - Base directory initialized: /home/tron/git/project_gemma
2024-10-26 21:27:58,901 - INFO - JDBC directory initialized: /home/tron/git/project_gemma/jdbc
2024-10-26 21:27:58,905 - INFO - Output path initialized: /home/tron/git/project_gemma/jdbc/output.parquet
2024-10-26 21:36:06,291 - INFO - Data from https://www.gutenberg.org/cache/epub/74618/pg74618-images.html has been successfully scraped and stored.
2024-10-27 12:23:13,531 - INFO - Logging initialized and set up successfully.
2024-10-27 12:23:13,538 - INFO - Logging initialized and set up successfully.
2024-10-27 12:23:13,540 - INFO - Log size: (0, 3)
2024-10-27 12:23:13,543 - INFO - Viewing the log: <function display_log_df at 0x7006f81d25f0>
2024-10-27 12:23:23,555 - INFO - Log data successfully exported to ../csv/website_log.csv.
2024-10-27 12:23:23,569 - INFO - Log data successfully exported to ../csv/website_log.csv.
2024-10-27 12:23:33,597 - INFO - Log data successfully exported to ../csv/website_log.csv.
2024-10-27 12:23:43,618 - INFO - Log data successfully exported to ../csv/website_log.csv.
2024-10-27 12:23:53,638 - INFO - Log data successfully exported to ../csv/website_log.csv.
2024-10-27 12:24:03,657 - INFO - Log data successfully exported to ../csv/website_log.csv.
2024-10-27 12:24:13,678 - INFO - Log data successfully exported to ../csv/website_log.csv.
2024-10-27 12:24:23,695 - INFO - Log data successfully exported to ../csv/website_log.csv.
2024-10-27 12:24:33,715 - INFO - Log data successfully exported to ../csv/website_log.csv.
2024-10-27 12:24:40,913 - INFO - Logging initialized and set up successfully.
2024-10-27 12:24:40,916 - INFO - Log size: (0, 3)
2024-10-27 12:24:40,921 - INFO - Viewing the log: <function display_log_df at 0x7006ec1f5090>
2024-10-27 12:24:43,736 - INFO - Log data successfully exported to ../csv/website_log.csv.
2024-10-27 12:25:36,356 - INFO - Logging initialized and set up successfully.
2024-10-27 12:25:36,360 - INFO - Viewing the log: <function display_log_df at 0x76ed76ba8280>
2024-10-27 12:25:38,710 - INFO - cagliostro_gutenberg.csv imported successfully!
2024-10-27 12:25:38,714 - INFO - There are 1775 rows and 8 columns.
2024-10-27 12:25:38,741 - INFO - Schema of the loaded dataset:
2024-10-27 12:25:38,746 - INFO - +----+---------------+-------------+------------+
|    | Column Name   | Data Type   |   n_unique |
|----+---------------+-------------+------------|
|  0 | id            | int64       |       1775 |
|  1 | chapter_title | object      |          1 |
|  2 | paragraph     | object      |        908 |
|  3 | quote         | float64     |          0 |
|  4 | source_url    | object      |          1 |
|  5 | created_at    | float64     |          0 |
|  6 | title         | object      |          1 |
|  7 | content       | float64     |          0 |
+----+---------------+-------------+------------+
2024-10-27 12:26:44,593 - INFO - cagliostro_gutenberg.csv imported successfully!
2024-10-27 12:26:44,596 - INFO - There are 1775 rows and 8 columns.
2024-10-27 12:26:44,620 - INFO - Schema of the loaded dataset:
2024-10-27 12:26:44,628 - INFO - 
+----+---------------+-------------+------------+
|    | Column Name   | Data Type   |   n_unique |
|----+---------------+-------------+------------|
|  0 | id            | int64       |       1775 |
|  1 | chapter_title | object      |          1 |
|  2 | paragraph     | object      |        908 |
|  3 | quote         | float64     |          0 |
|  4 | source_url    | object      |          1 |
|  5 | created_at    | float64     |          0 |
|  6 | title         | object      |          1 |
|  7 | content       | float64     |          0 |
+----+---------------+-------------+------------+
2024-10-27 12:27:02,156 - INFO - Logging initialized and set up successfully.
2024-10-27 12:27:02,159 - INFO - Viewing the log: <function display_log_df at 0x76ed76ba8310>
2024-10-27 12:27:02,875 - INFO - cagliostro_gutenberg.csv imported successfully!
2024-10-27 12:27:02,878 - INFO - There are 1775 rows and 8 columns.
2024-10-27 12:27:02,906 - INFO - Schema of the loaded dataset:
2024-10-27 12:27:02,912 - INFO - 
+----+---------------+-------------+------------+
|    | Column Name   | Data Type   |   n_unique |
|----+---------------+-------------+------------|
|  0 | id            | int64       |       1775 |
|  1 | chapter_title | object      |          1 |
|  2 | paragraph     | object      |        908 |
|  3 | quote         | float64     |          0 |
|  4 | source_url    | object      |          1 |
|  5 | created_at    | float64     |          0 |
|  6 | title         | object      |          1 |
|  7 | content       | float64     |          0 |
+----+---------------+-------------+------------+
2024-10-27 20:37:10,270 - INFO - Logging initialized and set up successfully.
2024-10-27 20:37:10,273 - INFO - Log size: (0, 3)
2024-10-27 20:37:10,276 - INFO - Viewing the log: <function display_log_df at 0x7b7090d6bb50>
2024-10-27 20:37:10,348 - INFO - Base directory initialized: /home/tron/git/project_gemma
2024-10-27 20:37:10,355 - INFO - JDBC directory initialized: /home/tron/git/project_gemma/jdbc
2024-10-27 20:37:10,358 - INFO - Output path initialized: /home/tron/git/project_gemma/jdbc/output.parquet
2024-10-27 20:37:14,354 - INFO - Data from https://www.forbes.com/sites/alisondurkee/2024/10/25/america-first-agenda-what-to-know-about-the-project-2025-alternative-that-trump-isnt-disavowing/? has been successfully scraped and stored.
2024-10-27 20:42:01,543 - INFO - Logging initialized and set up successfully.
2024-10-27 20:42:01,548 - INFO - Log size: (0, 3)
2024-10-27 20:42:01,552 - INFO - Viewing the log: <function display_log_df at 0x7afb6158ba30>
2024-10-27 20:42:01,993 - INFO - Base directory initialized: /home/tron/git/project_gemma
2024-10-27 20:42:01,995 - INFO - JDBC directory initialized: /home/tron/git/project_gemma/jdbc
2024-10-27 20:42:02,000 - INFO - Output path initialized: /home/tron/git/project_gemma/jdbc/output.parquet
2024-10-27 20:42:06,067 - INFO - Data from https://www.forbes.com/sites/alisondurkee/2024/10/25/america-first-agenda-what-to-know-about-the-project-2025-alternative-that-trump-isnt-disavowing/? has been successfully scraped and stored.
